* using log directory 'C:/Users/rockc_000/Documents/SVN/faosws.Rcheck'
* using R version 3.1.3 (2015-03-09)
* using platform: x86_64-w64-mingw32 (64-bit)
* using session charset: ISO8859-1
* checking for file 'faosws/DESCRIPTION' ... OK
* checking extension type ... Package
* this is package 'faosws' version '0.3.3'
* checking package namespace information ... OK
* checking package dependencies ... OK
* checking if this is a source package ... OK
* checking if there is a namespace ... OK
* checking for executable files ... OK
* checking for hidden files and directories ... OK
* checking for portable file names ... OK
* checking whether package 'faosws' can be installed ... OK
* checking installed package size ... OK
* checking package directory ... OK
* checking DESCRIPTION meta-information ... WARNING
Non-standard license specification:
  @FAO 2013
Standardizable: FALSE
* checking top-level files ... OK
* checking for left-over files ... OK
* checking index information ... OK
* checking package subdirectories ... OK
* checking R files for non-ASCII characters ... OK
* checking R files for syntax errors ... OK
* checking whether the package can be loaded ... OK
* checking whether the package can be loaded with stated dependencies ... OK
* checking whether the package can be unloaded cleanly ... OK
* checking whether the namespace can be loaded with stated dependencies ... OK
* checking whether the namespace can be unloaded cleanly ... OK
* checking loading without being on the library search path ... OK
* checking dependencies in R code ... NOTE
package 'methods' is used but not declared
* checking S3 generic/method consistency ... OK
* checking replacement functions ... OK
* checking foreign function calls ... OK
* checking R code for possible problems ... NOTE
GetBlockMetadata: no visible binding for global variable
  'swsContext.baseRestUrl'
GetBlockMetadata: no visible binding for global variable
  'swsContext.executionId'
GetBlockMetadata.buildJSON: no visible binding for global variable
  'swsContext.token'
GetCodeList: no visible binding for global variable
  'swsContext.baseRestUrl'
GetCodeTree: no visible binding for global variable
  'swsContext.baseRestUrl'
GetData: no visible binding for global variable
  'swsContext.baseRestUrl'
GetData: no visible binding for global variable
  'swsContext.executionId'
GetData.buildJSON: no visible binding for global variable
  'swsContext.token'
GetHistory: no visible binding for global variable
  'swsContext.baseRestUrl'
GetHistory: no visible binding for global variable
  'swsContext.executionId'
GetHistory.buildJSON: no visible binding for global variable
  'swsContext.token'
GetMapping: no visible binding for global variable
  'swsContext.baseRestUrl'
GetMapping: no visible binding for global variable
  'swsContext.executionId'
GetMapping.buildJSON: no visible binding for global variable
  'swsContext.token'
GetTableData: no visible binding for global variable
  'swsContext.baseRestUrl'
GetTableData: no visible binding for global variable
  'swsContext.executionId'
GetTableData: no visible binding for global variable 'swsContext.token'
GetTableData: no visible binding for global variable 'value'
GetTableData: no visible binding for global variable 'resValue'
GetTestEnvironment: no visible binding for '<<-' assignment to
  'swsContext.baseRestUrl'
GetTestEnvironment: no visible binding for '<<-' assignment to
  'swsContext.userId'
GetTestEnvironment: no visible binding for '<<-' assignment to
  'swsContext.username'
GetTestEnvironment: no visible binding for '<<-' assignment to
  'swsContext.userEmail'
GetTestEnvironment: no visible binding for '<<-' assignment to
  'swsContext.token'
GetTestEnvironment: no visible binding for '<<-' assignment to
  'swsContext.executionId'
GetTestEnvironment: no visible binding for '<<-' assignment to
  'swsContext.computationParams'
GetTestEnvironment: no visible binding for '<<-' assignment to
  'swsContext.datasets'
SaveBlockMetadata: no visible binding for global variable
  'swsContext.baseRestUrl'
SaveBlockMetadata: no visible binding for global variable
  'swsContext.executionId'
SaveBlockMetadata: no visible binding for global variable
  'swsContext.token'
SaveData: no visible binding for global variable
  'swsContext.baseRestUrl'
SaveData: no visible binding for global variable
  'swsContext.executionId'
SaveData: no visible binding for global variable 'swsContext.token'
SaveData.buildMetadataContentJSON: no visible binding for global
  variable 'Metadata_Language'
SaveData.buildMetadataContentJSON: no visible binding for global
  variable 'Metadata_Element'
SaveData.buildMetadataContentJSON: no visible binding for global
  variable 'Metadata_Value'
SaveData.buildNormalizedDataContentJSON: no visible binding for global
  variable 'Value'
SaveValidation: no visible binding for global variable
  'swsContext.baseRestUrl'
SaveValidation: no visible binding for global variable
  'swsContext.executionId'
SaveValidation: no visible binding for global variable
  'swsContext.token'
SaveValidation.buildJSON: no visible binding for global variable
  'Severity'
SaveValidation.buildJSON: no visible binding for global variable
  'Description'
SetTableData: no visible binding for global variable
  'swsContext.baseRestUrl'
SetTableData: no visible binding for global variable
  'swsContext.executionId'
SetTableData: no visible binding for global variable 'swsContext.token'
* checking Rd files ... OK
* checking Rd metadata ... OK
* checking Rd cross-references ... OK
* checking for missing documentation entries ... WARNING
Undocumented code objects:
  'addKey<-' 'swsContext.clientKey' 'swsContext.noProxy'
  'swsContext.serverCertificate'
Undocumented S4 methods:
  generic 'addKey<-' and siglist 'Dimension'
All user-level objects in a package (including S4 classes and methods)
should have documentation entries.
See chapter 'Writing R documentation files' in the 'Writing R
Extensions' manual.
* checking for code/documentation mismatches ... OK
* checking Rd \usage sections ... WARNING
Undocumented arguments in documentation object 'SaveData'
  'waitTimeout' 'chunkSize'
Documented arguments not in \usage in documentation object 'SaveData':
  'pullTimeout'

Functions with \usage entries need to have the appropriate \alias
entries, and all their arguments documented.
The \usage entries must correspond to syntactically valid R code.
See chapter 'Writing R documentation files' in the 'Writing R
Extensions' manual.
* checking Rd contents ... WARNING
Argument items with no description in Rd object 'GetRestCall':
  'url'

Argument items with no description in Rd object 'MappingTableKey-class':
  'mappingTable' 'dimensions'

Argument items with no description in Rd object 'NullToNa':
  'nullList'

Argument items with no description in Rd object 'PostRestCall':
  'url' 'data'

Argument items with no description in Rd object 'PutRestCall':
  'url' 'data'

* checking for unstated dependencies in examples ... OK
* checking examples ... OK
* checking PDF version of manual ... OK
* DONE
WARNING: There were 4 warnings.
NOTE: There were 2 notes.
