* using log directory 'C:/Users/rockc_000/Documents/SVN/faoswsProduction.Rcheck'
* using R version 3.1.0 (2014-04-10)
* using platform: x86_64-w64-mingw32 (64-bit)
* using session charset: ISO8859-1
* checking for file 'faoswsProduction/DESCRIPTION' ... OK
* checking extension type ... Package
* this is package 'faoswsProduction' version '1.0.0'
* checking package namespace information ... OK
* checking package dependencies ... OK
* checking if this is a source package ... OK
* checking if there is a namespace ... OK
* checking for executable files ... OK
* checking for hidden files and directories ... OK
* checking for portable file names ... OK
* checking whether package 'faoswsProduction' can be installed ... WARNING
Found the following significant warnings:
  Warning: package 'data.table' was built under R version 3.1.2
  Warning: package 'ggplot2' was built under R version 3.1.1
  Warning: package 'data.table' was built under R version 3.1.2
  Warning: package 'ggplot2' was built under R version 3.1.1
  Warning: package 'data.table' was built under R version 3.1.2
  Warning: package 'ggplot2' was built under R version 3.1.1
See 'C:/Users/rockc_000/Documents/SVN/faoswsProduction.Rcheck/00install.out' for details.
* checking installed package size ... OK
* checking package directory ... OK
* checking 'build' directory ... OK
* checking DESCRIPTION meta-information ... OK
* checking top-level files ... OK
* checking for left-over files ... OK
* checking index information ... OK
* checking package subdirectories ... OK
* checking R files for non-ASCII characters ... OK
* checking R files for syntax errors ... OK
* checking whether the package can be loaded ... OK
* checking whether the package can be loaded with stated dependencies ... OK
* checking whether the package can be unloaded cleanly ... OK
* checking whether the namespace can be loaded with stated dependencies ... OK
* checking whether the namespace can be unloaded cleanly ... OK
* checking dependencies in R code ... WARNING
'::' or ':::' import not declared from: 'faosws'
Namespaces in Imports field not imported from:
  'RColorBrewer' 'earth' 'forecast' 'lme4' 'reshape2' 'zoo'
  All declared Imports should be used.
Packages in Depends field not imported from:
  'data.table' 'faoswsFlag' 'faoswsImputation' 'faoswsUtil'
  These packages need to be imported from (in the NAMESPACE file)
  for when this namespace is loaded but not attached.
See the information on DESCRIPTION files in the chapter 'Creating R
packages' of the 'Writing R Extensions' manual.
* checking S3 generic/method consistency ... OK
* checking replacement functions ... OK
* checking foreign function calls ... OK
* checking R code for possible problems ... NOTE
balanceAreaHarvested: no visible binding for global variable
  'ensuredImputationData'
balanceAreaHarvested: no visible binding for global variable
  'ensuredProductionData'
balanceProduction: no visible binding for global variable
  'ensuredImputationData'
computeYield: no visible binding for global variable
  'ensuredProductionData'
ensureProductionInputs: no visible binding for '<<-' assignment to
  'ensuredProductionData'
getProductionDomainData: no visible global function definition for
  'Pivoting'
getProductionDomainData: no visible global function definition for
  'GetData'
getProductionDomainData: no visible binding for global variable
  'timePointYears'
getProductionDomainData: no visible binding for global variable
  'Value_measuredElement_5312'
getProductionDomainData: no visible binding for global variable
  'Value_measuredElement_5416'
getProductionDomainData: no visible binding for global variable
  'Value_measuredElement_5510'
getProductionDomainData: no visible binding for global variable
  'flagObservationStatus_measuredElement_5312'
getProductionDomainData: no visible binding for global variable
  'flagObservationStatus_measuredElement_5416'
getProductionDomainData: no visible binding for global variable
  'flagObservationStatus_measuredElement_5510'
getProductionDomainData: no visible binding for global variable
  'flagMethod_measuredElement_5312'
getProductionDomainData: no visible binding for global variable
  'flagMethod_measuredElement_5416'
getProductionDomainData: no visible binding for global variable
  'flagMethod_measuredElement_5510'
imputeProductionDomain: no visible binding for global variable
  'imputationParameters'
processProductionDomain: no visible binding for global variable
  'ensuredProductionData'
* checking Rd files ... OK
* checking Rd metadata ... OK
* checking Rd cross-references ... OK
* checking for missing documentation entries ... OK
* checking for code/documentation mismatches ... OK
* checking Rd \usage sections ... OK
* checking Rd contents ... OK
* checking for unstated dependencies in examples ... OK
* checking contents of 'data' directory ... OK
* checking data for non-ASCII characters ... OK
* checking data for ASCII and uncompressed saves ... OK
* checking installed files from 'inst/doc' ... OK
* checking files in 'vignettes' ... OK
* checking examples ... NONE
* checking for unstated dependencies in vignettes ... OK
* checking package vignettes in 'inst/doc' ... OK
* checking running R code from vignettes ... OK
* checking re-building of vignette outputs ... OK
* checking PDF version of manual ... OK
WARNING: There were 2 warnings.
NOTE: There was 1 note.
