* installing *source* package 'faoswsProduction' ...
** R
** data
*** moving datasets to lazyload DB
** inst
** preparing package for lazy loading
Warning: package 'data.table' was built under R version 3.1.2
Warning: package 'ggplot2' was built under R version 3.1.1
** help
*** installing help indices
** building package indices
** installing vignettes
** testing if installed package can be loaded
*** arch - i386
Warning: package 'data.table' was built under R version 3.1.2
Warning: package 'ggplot2' was built under R version 3.1.1
*** arch - x64
Warning: package 'data.table' was built under R version 3.1.2
Warning: package 'ggplot2' was built under R version 3.1.1
* DONE (faoswsProduction)
